<?xml version="1.0" encoding="UTF-8"?>
<coverage generated="1727806358306" clover="3.2.0">
  <project timestamp="1727806358306" name="All files">
    <metrics statements="43" coveredstatements="42" conditionals="27" coveredconditionals="21" methods="16" coveredmethods="16" elements="86" coveredelements="79" complexity="0" loc="43" ncloc="43" packages="1" files="1" classes="1"/>
    <file name="index.js" path="/Users/ae-mx-10121/src/dialtone/packages/postcss-responsive-variations/index.js">
      <metrics statements="43" coveredstatements="42" conditionals="27" coveredconditionals="21" methods="16" coveredmethods="16"/>
      <line num="1" count="1" type="stmt"/>
      <line num="2" count="1" type="stmt"/>
      <line num="10" count="9" type="stmt"/>
      <line num="11" count="18" type="cond" truecount="3" falsecount="1"/>
      <line num="12" count="0" type="stmt"/>
      <line num="15" count="18" type="stmt"/>
      <line num="19" count="18" type="stmt"/>
      <line num="20" count="1" type="cond" truecount="1" falsecount="1"/>
      <line num="21" count="1" type="stmt"/>
      <line num="24" count="18" type="cond" truecount="2" falsecount="0"/>
      <line num="25" count="17" type="stmt"/>
      <line num="31" count="18" type="stmt"/>
      <line num="32" count="18" type="stmt"/>
      <line num="37" count="9" type="stmt"/>
      <line num="38" count="11" type="cond" truecount="2" falsecount="0"/>
      <line num="43" count="12" type="stmt"/>
      <line num="44" count="19" type="stmt"/>
      <line num="45" count="15" type="cond" truecount="2" falsecount="0"/>
      <line num="47" count="10" type="stmt"/>
      <line num="48" count="16" type="stmt"/>
      <line num="49" count="16" type="stmt"/>
      <line num="50" count="16" type="stmt"/>
      <line num="51" count="16" type="cond" truecount="1" falsecount="1"/>
      <line num="52" count="16" type="stmt"/>
      <line num="53" count="16" type="stmt"/>
      <line num="58" count="9" type="stmt"/>
      <line num="62" count="2" type="stmt"/>
      <line num="63" count="2" type="cond" truecount="1" falsecount="1"/>
      <line num="64" count="2" type="stmt"/>
      <line num="68" count="9" type="cond" truecount="1" falsecount="1"/>
      <line num="69" count="9" type="stmt"/>
      <line num="70" count="9" type="stmt"/>
      <line num="73" count="1" type="cond" truecount="0" falsecount="1"/>
      <line num="74" count="9" type="stmt"/>
      <line num="77" count="9" type="cond" truecount="2" falsecount="0"/>
      <line num="78" count="9" type="cond" truecount="2" falsecount="0"/>
      <line num="79" count="9" type="stmt"/>
      <line num="80" count="9" type="stmt"/>
      <line num="82" count="9" type="stmt"/>
      <line num="83" count="12" type="stmt"/>
      <line num="86" count="9" type="cond" truecount="4" falsecount="0"/>
      <line num="87" count="14" type="stmt"/>
      <line num="93" count="1" type="stmt"/>
    </file>
  </project>
</coverage>
