{"/Users/ae-mx-10121/src/dialtone/packages/postcss-responsive-variations/index.js": {"path":"/Users/ae-mx-10121/src/dialtone/packages/postcss-responsive-variations/index.js","statementMap":{"0":{"start":{"line":1,"column":16},"end":{"line":1,"column":34}},"1":{"start":{"line":2,"column":27},"end":{"line":7,"column":1}},"2":{"start":{"line":10,"column":2},"end":{"line":33,"column":5}},"3":{"start":{"line":11,"column":4},"end":{"line":13,"column":5}},"4":{"start":{"line":12,"column":6},"end":{"line":12,"column":90}},"5":{"start":{"line":15,"column":32},"end":{"line":15,"column":61}},"6":{"start":{"line":19,"column":4},"end":{"line":22,"column":7}},"7":{"start":{"line":20,"column":6},"end":{"line":20,"column":65}},"8":{"start":{"line":20,"column":58},"end":{"line":20,"column":65}},"9":{"start":{"line":21,"column":6},"end":{"line":21,"column":20}},"10":{"start":{"line":24,"column":4},"end":{"line":29,"column":5}},"11":{"start":{"line":25,"column":6},"end":{"line":28,"column":9}},"12":{"start":{"line":31,"column":4},"end":{"line":31,"column":40}},"13":{"start":{"line":32,"column":4},"end":{"line":32,"column":31}},"14":{"start":{"line":37,"column":2},"end":{"line":39,"column":5}},"15":{"start":{"line":38,"column":4},"end":{"line":38,"column":98}},"16":{"start":{"line":43,"column":2},"end":{"line":55,"column":5}},"17":{"start":{"line":44,"column":24},"end":{"line":44,"column":85}},"18":{"start":{"line":44,"column":55},"end":{"line":44,"column":84}},"19":{"start":{"line":45,"column":4},"end":{"line":45,"column":29}},"20":{"start":{"line":45,"column":22},"end":{"line":45,"column":29}},"21":{"start":{"line":47,"column":4},"end":{"line":54,"column":7}},"22":{"start":{"line":48,"column":27},"end":{"line":48,"column":51}},"23":{"start":{"line":49,"column":28},"end":{"line":49,"column":63}},"24":{"start":{"line":50,"column":32},"end":{"line":50,"column":67}},"25":{"start":{"line":51,"column":6},"end":{"line":51,"column":36}},"26":{"start":{"line":51,"column":29},"end":{"line":51,"column":36}},"27":{"start":{"line":52,"column":29},"end":{"line":52,"column":102}},"28":{"start":{"line":53,"column":6},"end":{"line":53,"column":47}},"29":{"start":{"line":58,"column":2},"end":{"line":58,"column":58}},"30":{"start":{"line":62,"column":20},"end":{"line":62,"column":36}},"31":{"start":{"line":63,"column":2},"end":{"line":63,"column":50}},"32":{"start":{"line":63,"column":37},"end":{"line":63,"column":50}},"33":{"start":{"line":64,"column":2},"end":{"line":64,"column":15}},"34":{"start":{"line":68,"column":2},"end":{"line":68,"column":44}},"35":{"start":{"line":68,"column":31},"end":{"line":68,"column":44}},"36":{"start":{"line":69,"column":2},"end":{"line":69,"column":38}},"37":{"start":{"line":70,"column":2},"end":{"line":70,"column":28}},"38":{"start":{"line":73,"column":0},"end":{"line":91,"column":2}},"39":{"start":{"line":74,"column":2},"end":{"line":90,"column":4}},"40":{"start":{"line":77,"column":26},"end":{"line":77,"column":64}},"41":{"start":{"line":78,"column":22},"end":{"line":78,"column":40}},"42":{"start":{"line":79,"column":35},"end":{"line":79,"column":72}},"43":{"start":{"line":80,"column":31},"end":{"line":80,"column":54}},"44":{"start":{"line":82,"column":6},"end":{"line":84,"column":9}},"45":{"start":{"line":83,"column":8},"end":{"line":83,"column":66}},"46":{"start":{"line":86,"column":6},"end":{"line":88,"column":7}},"47":{"start":{"line":87,"column":8},"end":{"line":87,"column":79}},"48":{"start":{"line":87,"column":59},"end":{"line":87,"column":76}},"49":{"start":{"line":93,"column":0},"end":{"line":93,"column":30}}},"fnMap":{"0":{"name":"processBreakpoints","decl":{"start":{"line":9,"column":9},"end":{"line":9,"column":27}},"loc":{"start":{"line":9,"column":48},"end":{"line":34,"column":1}},"line":9},"1":{"name":"(anonymous_1)","decl":{"start":{"line":10,"column":25},"end":{"line":10,"column":26}},"loc":{"start":{"line":10,"column":41},"end":{"line":33,"column":3}},"line":10},"2":{"name":"(anonymous_2)","decl":{"start":{"line":19,"column":30},"end":{"line":19,"column":31}},"loc":{"start":{"line":19,"column":38},"end":{"line":22,"column":5}},"line":19},"3":{"name":"processClasses","decl":{"start":{"line":36,"column":9},"end":{"line":36,"column":23}},"loc":{"start":{"line":36,"column":34},"end":{"line":40,"column":1}},"line":36},"4":{"name":"(anonymous_4)","decl":{"start":{"line":37,"column":21},"end":{"line":37,"column":22}},"loc":{"start":{"line":37,"column":34},"end":{"line":39,"column":3}},"line":37},"5":{"name":"_prefixRule","decl":{"start":{"line":42,"column":9},"end":{"line":42,"column":20}},"loc":{"start":{"line":42,"column":50},"end":{"line":56,"column":1}},"line":42},"6":{"name":"(anonymous_6)","decl":{"start":{"line":43,"column":25},"end":{"line":43,"column":26}},"loc":{"start":{"line":43,"column":37},"end":{"line":55,"column":3}},"line":43},"7":{"name":"(anonymous_7)","decl":{"start":{"line":44,"column":37},"end":{"line":44,"column":38}},"loc":{"start":{"line":44,"column":55},"end":{"line":44,"column":84}},"line":44},"8":{"name":"(anonymous_8)","decl":{"start":{"line":47,"column":24},"end":{"line":47,"column":25}},"loc":{"start":{"line":47,"column":38},"end":{"line":54,"column":5}},"line":47},"9":{"name":"_escapeRegex","decl":{"start":{"line":57,"column":9},"end":{"line":57,"column":21}},"loc":{"start":{"line":57,"column":31},"end":{"line":59,"column":1}},"line":57},"10":{"name":"_validateRegex","decl":{"start":{"line":61,"column":9},"end":{"line":61,"column":23}},"loc":{"start":{"line":61,"column":32},"end":{"line":65,"column":1}},"line":61},"11":{"name":"_validateString","decl":{"start":{"line":67,"column":9},"end":{"line":67,"column":24}},"loc":{"start":{"line":67,"column":34},"end":{"line":71,"column":1}},"line":67},"12":{"name":"(anonymous_12)","decl":{"start":{"line":73,"column":17},"end":{"line":73,"column":18}},"loc":{"start":{"line":73,"column":32},"end":{"line":91,"column":1}},"line":73},"13":{"name":"(anonymous_13)","decl":{"start":{"line":76,"column":4},"end":{"line":76,"column":5}},"loc":{"start":{"line":76,"column":16},"end":{"line":89,"column":5}},"line":76},"14":{"name":"(anonymous_14)","decl":{"start":{"line":82,"column":21},"end":{"line":82,"column":22}},"loc":{"start":{"line":82,"column":29},"end":{"line":84,"column":7}},"line":82},"15":{"name":"(anonymous_15)","decl":{"start":{"line":87,"column":45},"end":{"line":87,"column":46}},"loc":{"start":{"line":87,"column":59},"end":{"line":87,"column":76}},"line":87}},"branchMap":{"0":{"loc":{"start":{"line":11,"column":4},"end":{"line":13,"column":5}},"type":"if","locations":[{"start":{"line":11,"column":4},"end":{"line":13,"column":5}},{"start":{},"end":{}}],"line":11},"1":{"loc":{"start":{"line":11,"column":8},"end":{"line":11,"column":55}},"type":"binary-expr","locations":[{"start":{"line":11,"column":8},"end":{"line":11,"column":18}},{"start":{"line":11,"column":22},"end":{"line":11,"column":55}}],"line":11},"2":{"loc":{"start":{"line":20,"column":6},"end":{"line":20,"column":65}},"type":"if","locations":[{"start":{"line":20,"column":6},"end":{"line":20,"column":65}},{"start":{},"end":{}}],"line":20},"3":{"loc":{"start":{"line":24,"column":4},"end":{"line":29,"column":5}},"type":"if","locations":[{"start":{"line":24,"column":4},"end":{"line":29,"column":5}},{"start":{},"end":{}}],"line":24},"4":{"loc":{"start":{"line":38,"column":11},"end":{"line":38,"column":97}},"type":"cond-expr","locations":[{"start":{"line":38,"column":43},"end":{"line":38,"column":68}},{"start":{"line":38,"column":71},"end":{"line":38,"column":97}}],"line":38},"5":{"loc":{"start":{"line":45,"column":4},"end":{"line":45,"column":29}},"type":"if","locations":[{"start":{"line":45,"column":4},"end":{"line":45,"column":29}},{"start":{},"end":{}}],"line":45},"6":{"loc":{"start":{"line":51,"column":6},"end":{"line":51,"column":36}},"type":"if","locations":[{"start":{"line":51,"column":6},"end":{"line":51,"column":36}},{"start":{},"end":{}}],"line":51},"7":{"loc":{"start":{"line":63,"column":2},"end":{"line":63,"column":50}},"type":"if","locations":[{"start":{"line":63,"column":2},"end":{"line":63,"column":50}},{"start":{},"end":{}}],"line":63},"8":{"loc":{"start":{"line":68,"column":2},"end":{"line":68,"column":44}},"type":"if","locations":[{"start":{"line":68,"column":2},"end":{"line":68,"column":44}},{"start":{},"end":{}}],"line":68},"9":{"loc":{"start":{"line":73,"column":18},"end":{"line":73,"column":27}},"type":"default-arg","locations":[{"start":{"line":73,"column":25},"end":{"line":73,"column":27}}],"line":73},"10":{"loc":{"start":{"line":77,"column":26},"end":{"line":77,"column":64}},"type":"binary-expr","locations":[{"start":{"line":77,"column":26},"end":{"line":77,"column":42}},{"start":{"line":77,"column":46},"end":{"line":77,"column":64}}],"line":77},"11":{"loc":{"start":{"line":78,"column":22},"end":{"line":78,"column":40}},"type":"binary-expr","locations":[{"start":{"line":78,"column":22},"end":{"line":78,"column":34}},{"start":{"line":78,"column":38},"end":{"line":78,"column":40}}],"line":78},"12":{"loc":{"start":{"line":86,"column":6},"end":{"line":88,"column":7}},"type":"if","locations":[{"start":{"line":86,"column":6},"end":{"line":88,"column":7}},{"start":{},"end":{}}],"line":86},"13":{"loc":{"start":{"line":86,"column":10},"end":{"line":86,"column":70}},"type":"binary-expr","locations":[{"start":{"line":86,"column":10},"end":{"line":86,"column":30}},{"start":{"line":86,"column":34},"end":{"line":86,"column":70}}],"line":86}},"s":{"0":1,"1":1,"2":9,"3":18,"4":0,"5":18,"6":18,"7":1,"8":0,"9":1,"10":18,"11":17,"12":18,"13":18,"14":9,"15":11,"16":12,"17":15,"18":19,"19":15,"20":5,"21":10,"22":16,"23":16,"24":16,"25":16,"26":0,"27":16,"28":16,"29":9,"30":2,"31":2,"32":0,"33":2,"34":9,"35":0,"36":9,"37":9,"38":1,"39":9,"40":9,"41":9,"42":9,"43":9,"44":9,"45":12,"46":9,"47":8,"48":14,"49":1},"f":{"0":9,"1":18,"2":1,"3":9,"4":11,"5":12,"6":15,"7":19,"8":16,"9":9,"10":2,"11":9,"12":9,"13":9,"14":12,"15":14},"b":{"0":[0,18],"1":[18,18],"2":[0,1],"3":[17,1],"4":[2,9],"5":[5,10],"6":[0,16],"7":[0,2],"8":[0,9],"9":[0],"10":[9,2],"11":[9,1],"12":[8,1],"13":[9,9]},"_coverageSchema":"1a1c01bbd47fc00a2c39e90264f33305004495a9","hash":"b1c95eb90e9162e7f9fba5bac7b4f3515cfcd1b1"}
}
