TN:
SF:index.js
FN:9,processBreakpoints
FN:10,(anonymous_1)
FN:19,(anonymous_2)
FN:36,processClasses
FN:37,(anonymous_4)
FN:42,_prefixRule
FN:43,(anonymous_6)
FN:44,(anonymous_7)
FN:47,(anonymous_8)
FN:57,_escapeRegex
FN:61,_validateRegex
FN:67,_validateString
FN:73,(anonymous_12)
FN:76,(anonymous_13)
FN:82,(anonymous_14)
FN:87,(anonymous_15)
FNF:16
FNH:16
FNDA:9,processBreakpoints
FNDA:18,(anonymous_1)
FNDA:1,(anonymous_2)
FNDA:9,processClasses
FNDA:11,(anonymous_4)
FNDA:12,_prefixRule
FNDA:15,(anonymous_6)
FNDA:19,(anonymous_7)
FNDA:16,(anonymous_8)
FNDA:9,_escapeRegex
FNDA:2,_validateRegex
FNDA:9,_validateString
FNDA:9,(anonymous_12)
FNDA:9,(anonymous_13)
FNDA:12,(anonymous_14)
FNDA:14,(anonymous_15)
DA:1,1
DA:2,1
DA:10,9
DA:11,18
DA:12,0
DA:15,18
DA:19,18
DA:20,1
DA:21,1
DA:24,18
DA:25,17
DA:31,18
DA:32,18
DA:37,9
DA:38,11
DA:43,12
DA:44,19
DA:45,15
DA:47,10
DA:48,16
DA:49,16
DA:50,16
DA:51,16
DA:52,16
DA:53,16
DA:58,9
DA:62,2
DA:63,2
DA:64,2
DA:68,9
DA:69,9
DA:70,9
DA:73,1
DA:74,9
DA:77,9
DA:78,9
DA:79,9
DA:80,9
DA:82,9
DA:83,12
DA:86,9
DA:87,14
DA:93,1
LF:43
LH:42
BRDA:11,0,0,0
BRDA:11,0,1,18
BRDA:11,1,0,18
BRDA:11,1,1,18
BRDA:20,2,0,0
BRDA:20,2,1,1
BRDA:24,3,0,17
BRDA:24,3,1,1
BRDA:38,4,0,2
BRDA:38,4,1,9
BRDA:45,5,0,5
BRDA:45,5,1,10
BRDA:51,6,0,0
BRDA:51,6,1,16
BRDA:63,7,0,0
BRDA:63,7,1,2
BRDA:68,8,0,0
BRDA:68,8,1,9
BRDA:73,9,0,0
BRDA:77,10,0,9
BRDA:77,10,1,2
BRDA:78,11,0,9
BRDA:78,11,1,1
BRDA:86,12,0,8
BRDA:86,12,1,1
BRDA:86,13,0,9
BRDA:86,13,1,9
BRF:27
BRH:21
end_of_record
